<?xml version="1.0" encoding="UTF-8"?>
<!-- Generated by org.testng.reporters.JUnitReportReporter -->
<testsuite skipped="1" hostname="SVRODK00070" name="Test.Automation.SearchTest" tests="1" failures="0" timestamp="25 Jul 2018 07:22:57 GMT" time="0.000" errors="0">
  <testcase name="testSearch" time="0.000" classname="Test.Automation.SearchTest">
    <skipped/>
  </testcase> <!-- testSearch -->
</testsuite> <!-- Test.Automation.SearchTest -->
