<?xml version="1.0" encoding="UTF-8"?>
<!-- Generated by org.testng.reporters.JUnitReportReporter -->
<testsuite skipped="0" hostname="SVRODK00070" name="TestAPI.BasicAuthenticationTest" tests="2" failures="0" timestamp="27 Jul 2018 09:02:06 GMT" time="1.094" errors="0">
  <testcase name="successfulAuthentication" time="0.516" classname="TestAPI.BasicAuthenticationTest"/>
  <testcase name="noAuthenticationPage" time="0.578" classname="TestAPI.BasicAuthenticationTest"/>
</testsuite> <!-- TestAPI.BasicAuthenticationTest -->
