<?xml version="1.0" encoding="UTF-8"?>
<!-- Generated by org.testng.reporters.JUnitReportReporter -->
<testsuite skipped="1" hostname="SVRODK00070" name="Test.Automation.LogInTest" tests="1" failures="0" timestamp="25 Jul 2018 07:22:57 GMT" time="0.000" errors="0">
  <testcase name="testLogIn" time="0.000" classname="Test.Automation.LogInTest">
    <skipped/>
  </testcase> <!-- testLogIn -->
</testsuite> <!-- Test.Automation.LogInTest -->
