<?xml version="1.0" encoding="UTF-8"?>
<!-- Generated by org.testng.reporters.JUnitReportReporter -->
<testsuite skipped="0" hostname="SVRODK00070" name="group1.artifact2.Test.LogInTest" tests="1" failures="0" timestamp="23 Jul 2018 14:36:09 GMT" time="5.535" errors="0">
  <testcase name="testLogIn" time="5.535" classname="group1.artifact2.Test.LogInTest"/>
</testsuite> <!-- group1.artifact2.Test.LogInTest -->
