<?xml version="1.0" encoding="UTF-8"?>
<!-- Generated by org.testng.reporters.JUnitReportReporter -->
<testsuite skipped="0" hostname="SVRODK00070" name="group1.artifact2.Test.SearchTest" tests="1" failures="0" timestamp="23 Jul 2018 14:36:09 GMT" time="1.644" errors="0">
  <testcase name="testSearch" time="1.644" classname="group1.artifact2.Test.SearchTest"/>
</testsuite> <!-- group1.artifact2.Test.SearchTest -->
