<?xml version="1.0" encoding="UTF-8"?>
<!-- Generated by org.testng.reporters.JUnitReportReporter -->
<testsuite skipped="0" hostname="SVRODK00070" name="group1.artifact2.TestSesion4" tests="3" failures="0" timestamp="19 Jul 2018 09:41:03 GMT" time="25.185" errors="0">
  <testcase name="testMet2" time="5.229" classname="group1.artifact2.TestSesion4"/>
  <testcase name="testMet1" time="1.028" classname="group1.artifact2.TestSesion4"/>
  <testcase name="testMet3" time="18.928" classname="group1.artifact2.TestSesion4"/>
</testsuite> <!-- group1.artifact2.TestSesion4 -->
