<?xml version="1.0" encoding="UTF-8"?>
<!-- Generated by org.testng.reporters.JUnitReportReporter -->
<testsuite skipped="0" hostname="SVRODK00070" name="TestAPI.CreateUserTest" tests="20" failures="0" timestamp="27 Jul 2018 09:02:06 GMT" time="14.200" errors="0">
  <testcase name="userTest" time="0.936" classname="TestAPI.CreateUserTest"/>
  <testcase name="userTest" time="0.655" classname="TestAPI.CreateUserTest"/>
  <testcase name="userTest" time="0.659" classname="TestAPI.CreateUserTest"/>
  <testcase name="userTest" time="0.700" classname="TestAPI.CreateUserTest"/>
  <testcase name="userTest" time="0.713" classname="TestAPI.CreateUserTest"/>
  <testcase name="userTest" time="0.659" classname="TestAPI.CreateUserTest"/>
  <testcase name="userTest" time="0.691" classname="TestAPI.CreateUserTest"/>
  <testcase name="userTest" time="0.689" classname="TestAPI.CreateUserTest"/>
  <testcase name="userTest" time="0.711" classname="TestAPI.CreateUserTest"/>
  <testcase name="userTest" time="0.658" classname="TestAPI.CreateUserTest"/>
  <testcase name="userTest" time="0.667" classname="TestAPI.CreateUserTest"/>
  <testcase name="userTest" time="0.653" classname="TestAPI.CreateUserTest"/>
  <testcase name="userTest" time="0.702" classname="TestAPI.CreateUserTest"/>
  <testcase name="userTest" time="0.853" classname="TestAPI.CreateUserTest"/>
  <testcase name="userTest" time="0.675" classname="TestAPI.CreateUserTest"/>
  <testcase name="userTest" time="0.700" classname="TestAPI.CreateUserTest"/>
  <testcase name="userTest" time="0.720" classname="TestAPI.CreateUserTest"/>
  <testcase name="userTest" time="0.701" classname="TestAPI.CreateUserTest"/>
  <testcase name="userTest" time="0.758" classname="TestAPI.CreateUserTest"/>
  <testcase name="userTest" time="0.700" classname="TestAPI.CreateUserTest"/>
</testsuite> <!-- TestAPI.CreateUserTest -->
