<?xml version="1.0" encoding="UTF-8"?>
<!-- Generated by org.testng.reporters.JUnitReportReporter -->
<testsuite skipped="0" hostname="SVRODK00070" name="group1.artifact2.ContactUsTest" tests="2" failures="0" timestamp="20 Jul 2018 08:44:40 GMT" time="6.505" errors="0">
  <testcase name="testContact1" time="3.939" classname="group1.artifact2.ContactUsTest"/>
  <testcase name="testContact2" time="2.566" classname="group1.artifact2.ContactUsTest"/>
</testsuite> <!-- group1.artifact2.ContactUsTest -->
