<?xml version="1.0" encoding="UTF-8"?>
<!-- Generated by org.testng.reporters.JUnitReportReporter -->
<testsuite skipped="0" hostname="SVRODK00070" name="group1.artifact2.CartTest" tests="1" failures="0" timestamp="20 Jul 2018 08:44:40 GMT" time="10.564" errors="0">
  <testcase name="testCart1" time="10.564" classname="group1.artifact2.CartTest"/>
</testsuite> <!-- group1.artifact2.CartTest -->
