<?xml version="1.0" encoding="UTF-8"?>
<!-- Generated by org.testng.reporters.JUnitReportReporter -->
<testsuite skipped="1" hostname="SVRODK00070" name="Test.Softvision.MenuButtonTest" tests="1" failures="0" timestamp="02 Aug 2018 12:10:56 GMT" time="0.000" errors="0">
  <testcase name="testMenuButtons" time="0.000" classname="Test.Softvision.MenuButtonTest">
    <skipped/>
  </testcase> <!-- testMenuButtons -->
</testsuite> <!-- Test.Softvision.MenuButtonTest -->
