<?xml version="1.0" encoding="UTF-8"?>
<!-- Generated by org.testng.reporters.JUnitReportReporter -->
<testsuite skipped="0" hostname="SVRODK00070" name="group1.artifact2.LogInTest" tests="2" failures="0" timestamp="20 Jul 2018 08:44:40 GMT" time="11.281" errors="0">
  <testcase name="testLogIn2" time="5.046" classname="group1.artifact2.LogInTest"/>
  <testcase name="testLogIn1" time="6.235" classname="group1.artifact2.LogInTest"/>
</testsuite> <!-- group1.artifact2.LogInTest -->
