<?xml version="1.0" encoding="UTF-8"?>
<!-- Generated by org.testng.reporters.JUnitReportReporter -->
<testsuite skipped="0" hostname="SVRODK00070" name="group1.artifact2.Test.CartTest" tests="1" failures="0" timestamp="23 Jul 2018 14:36:09 GMT" time="6.977" errors="0">
  <testcase name="testCart" time="6.977" classname="group1.artifact2.Test.CartTest"/>
</testsuite> <!-- group1.artifact2.Test.CartTest -->
