<?xml version="1.0" encoding="UTF-8"?>
<!-- Generated by org.testng.reporters.JUnitReportReporter -->
<testsuite skipped="0" hostname="SVRODK00070" name="TestAPI.CreateUserTest" tests="20" failures="0" timestamp="27 Jul 2018 11:48:06 GMT" time="14.270" errors="0">
  <testcase name="userTest" time="0.701" classname="TestAPI.CreateUserTest"/>
  <testcase name="userTest" time="0.667" classname="TestAPI.CreateUserTest"/>
  <testcase name="userTest" time="0.703" classname="TestAPI.CreateUserTest"/>
  <testcase name="userTest" time="0.735" classname="TestAPI.CreateUserTest"/>
  <testcase name="userTest" time="0.715" classname="TestAPI.CreateUserTest"/>
  <testcase name="userTest" time="0.700" classname="TestAPI.CreateUserTest"/>
  <testcase name="userTest" time="0.694" classname="TestAPI.CreateUserTest"/>
  <testcase name="userTest" time="0.727" classname="TestAPI.CreateUserTest"/>
  <testcase name="userTest" time="0.687" classname="TestAPI.CreateUserTest"/>
  <testcase name="userTest" time="0.678" classname="TestAPI.CreateUserTest"/>
  <testcase name="userTest" time="0.676" classname="TestAPI.CreateUserTest"/>
  <testcase name="userTest" time="0.703" classname="TestAPI.CreateUserTest"/>
  <testcase name="userTest" time="0.696" classname="TestAPI.CreateUserTest"/>
  <testcase name="userTest" time="0.706" classname="TestAPI.CreateUserTest"/>
  <testcase name="userTest" time="0.731" classname="TestAPI.CreateUserTest"/>
  <testcase name="userTest" time="0.765" classname="TestAPI.CreateUserTest"/>
  <testcase name="userTest" time="0.678" classname="TestAPI.CreateUserTest"/>
  <testcase name="userTest" time="0.876" classname="TestAPI.CreateUserTest"/>
  <testcase name="userTest" time="0.705" classname="TestAPI.CreateUserTest"/>
  <testcase name="userTest" time="0.727" classname="TestAPI.CreateUserTest"/>
</testsuite> <!-- TestAPI.CreateUserTest -->
