<?xml version="1.0" encoding="UTF-8"?>
<!-- Generated by org.testng.reporters.JUnitReportReporter -->
<testsuite skipped="0" hostname="SVRODK00070" name="TestAPI.GetUsers" tests="1" failures="0" timestamp="27 Jul 2018 11:48:06 GMT" time="2.528" errors="0">
  <testcase name="putUser" time="2.528" classname="TestAPI.GetUsers"/>
</testsuite> <!-- TestAPI.GetUsers -->
