<?xml version="1.0" encoding="UTF-8"?>
<!-- Generated by org.testng.reporters.JUnitReportReporter -->
<testsuite skipped="0" hostname="SVRODK00070" name="TestAPI.BasicAuthenticationTest" tests="2" failures="0" timestamp="27 Jul 2018 11:48:06 GMT" time="2.559" errors="0">
  <testcase name="noAuthenticationPage" time="1.590" classname="TestAPI.BasicAuthenticationTest"/>
  <testcase name="successfulAuthentication" time="0.969" classname="TestAPI.BasicAuthenticationTest"/>
</testsuite> <!-- TestAPI.BasicAuthenticationTest -->
